<?xml version="1.0" encoding="UTF-8"?>
<!-- Generated by org.testng.reporters.JUnitReportReporter -->
<testsuite hostname="Madhu" failures="0" tests="4" name="com.config.LogInTest" time="21.933" errors="0" timestamp="2024-02-13T20:54:59 IST" skipped="0">
  <testcase classname="com.config.LogInTest" name="logInPageTest" time="0.031"/>
  <system-out/>
  <testcase classname="com.config.LogInTest" name="logInTest" time="1.272"/>
  <system-out/>
  <testcase classname="com.config.LogInTest" name="homePageTest" time="0.142"/>
  <system-out/>
  <testcase classname="com.config.LogInTest" name="logOutTest" time="20.488"/>
  <system-out/>
</testsuite> <!-- com.config.LogInTest -->
