<?xml version="1.0" encoding="UTF-8"?>
<!-- Generated by org.testng.reporters.JUnitReportReporter -->
<testsuite hostname="Madhu" failures="0" tests="1" name="com.BaseTest.LanuchBrowser" time="9.470" errors="0" timestamp="2024-02-15T20:38:02 IST" skipped="0">
  <testcase classname="com.BaseTest.LanuchBrowser" name="setUp" time="9.470"/>
  <system-out/>
</testsuite> <!-- com.BaseTest.LanuchBrowser -->
