<?xml version="1.0" encoding="UTF-8"?>
<!-- Generated by org.testng.reporters.JUnitReportReporter -->
<testsuite hostname="Madhu" failures="0" tests="1" name="com.RadioButtonsTesting.EchoEchoApplication_RadioButtonsTesting" time="0.832" errors="0" timestamp="2024-02-15T20:47:03 IST" skipped="0">
  <testcase classname="com.RadioButtonsTesting.EchoEchoApplication_RadioButtonsTesting" name="group1RadioButtonTesting" time="0.832"/>
  <system-out/>
</testsuite> <!-- com.RadioButtonsTesting.EchoEchoApplication_RadioButtonsTesting -->
