<?xml version="1.0" encoding="UTF-8"?>
<!-- Generated by org.testng.reporters.JUnitReportReporter -->
<testsuite hostname="Madhu" failures="0" tests="1" name="com.RadioButtonsTesting.EchoEchoApplication_All_RadioButtonsTesting" time="52.136" errors="0" timestamp="2024-02-15T23:00:34 IST" skipped="0">
  <testcase classname="com.RadioButtonsTesting.EchoEchoApplication_All_RadioButtonsTesting" name="group1and2_RadioButtonTesting" time="52.136"/>
  <system-out/>
</testsuite> <!-- com.RadioButtonsTesting.EchoEchoApplication_All_RadioButtonsTesting -->
