<?xml version="1.0" encoding="UTF-8"?>
<!-- Generated by org.testng.reporters.JUnitReportReporter -->
<testsuite hostname="Madhu" failures="0" tests="1" name="com.RadioButtonsTesting.BaseTest" time="4.629" errors="0" timestamp="2024-02-15T20:43:15 IST" skipped="0">
  <testcase classname="com.RadioButtonsTesting.BaseTest" name="setUp" time="4.629"/>
  <system-out/>
</testsuite> <!-- com.RadioButtonsTesting.BaseTest -->
