<?xml version="1.0" encoding="UTF-8"?>
<!-- Generated by org.testng.reporters.JUnitReportReporter -->
<testsuite hostname="Madhu" failures="0" tests="1" name="com.BaseTest.BaseTest" time="19.717" errors="0" timestamp="2024-02-17T15:23:13 IST" skipped="0">
  <testcase classname="com.BaseTest.BaseTest" name="setUp" time="19.717"/>
</testsuite> <!-- com.BaseTest.BaseTest -->
