<?xml version="1.0" encoding="UTF-8"?>
<!-- Generated by org.testng.reporters.JUnitReportReporter -->
<testsuite hostname="Madhu" failures="0" tests="3" name="com.OrangeHRMApplicationPageTests.LogInPageTest" time="19.834" errors="0" timestamp="2024-02-19T00:56:21 IST" skipped="0">
  <testcase classname="com.OrangeHRMApplicationPageTests.LogInPageTest" name="orangeHMRApplicationLogInPage_logInPannelText_Test" time="2.027"/>
  <testcase classname="com.OrangeHRMApplicationPageTests.LogInPageTest" name="orangeHRMApplicationLogInPage_LogoValidationTest" time="2.557"/>
  <testcase classname="com.OrangeHRMApplicationPageTests.LogInPageTest" name="orangeHRMApplicationLogInPage_LogInTest" time="15.250"/>
</testsuite> <!-- com.OrangeHRMApplicationPageTests.LogInPageTest -->
